0 info it worked if it ends with ok
1 verbose cli [ '/home/m500040/.nvm/versions/node/v6.10.0/bin/node',
1 verbose cli   '/home/m500040/.nvm/versions/node/v6.10.0/bin/npm',
1 verbose cli   'run',
1 verbose cli   'pree2e' ]
2 info using npm@3.10.10
3 info using node@v6.10.0
4 verbose run-script [ 'pree2e' ]
5 info lifecycle @lvo/http@1.0.0~pree2e: @lvo/http@1.0.0
6 verbose lifecycle @lvo/http@1.0.0~pree2e: unsafe-perm in lifecycle true
7 verbose lifecycle @lvo/http@1.0.0~pree2e: PATH: /home/m500040/.nvm/versions/node/v6.10.0/lib/node_modules/npm/bin/node-gyp-bin:/home/m500040/WebstormProjects/lvo-http-lib/node_modules/.bin:/home/m500040/.nvm/versions/node/v6.10.0/bin:/usr/local/sbin:/usr/local/bin:/usr/sbin:/usr/bin:/sbin:/bin:/usr/games:/usr/local/games
8 verbose lifecycle @lvo/http@1.0.0~pree2e: CWD: /home/m500040/WebstormProjects/lvo-http-lib
9 silly lifecycle @lvo/http@1.0.0~pree2e: Args: [ '-c', 'webdriver-manager update --standalone --ignore_ssl' ]
10 silly lifecycle @lvo/http@1.0.0~pree2e: Returned: code: 1  signal: null
11 info lifecycle @lvo/http@1.0.0~pree2e: Failed to exec pree2e script
12 verbose stack Error: @lvo/http@1.0.0 pree2e: `webdriver-manager update --standalone --ignore_ssl`
12 verbose stack Exit status 1
12 verbose stack     at EventEmitter.<anonymous> (/home/m500040/.nvm/versions/node/v6.10.0/lib/node_modules/npm/lib/utils/lifecycle.js:255:16)
12 verbose stack     at emitTwo (events.js:106:13)
12 verbose stack     at EventEmitter.emit (events.js:191:7)
12 verbose stack     at ChildProcess.<anonymous> (/home/m500040/.nvm/versions/node/v6.10.0/lib/node_modules/npm/lib/utils/spawn.js:40:14)
12 verbose stack     at emitTwo (events.js:106:13)
12 verbose stack     at ChildProcess.emit (events.js:191:7)
12 verbose stack     at maybeClose (internal/child_process.js:877:16)
12 verbose stack     at Process.ChildProcess._handle.onexit (internal/child_process.js:226:5)
13 verbose pkgid @lvo/http@1.0.0
14 verbose cwd /home/m500040/WebstormProjects/lvo-http-lib
15 error Linux 4.6.2+
16 error argv "/home/m500040/.nvm/versions/node/v6.10.0/bin/node" "/home/m500040/.nvm/versions/node/v6.10.0/bin/npm" "run" "pree2e"
17 error node v6.10.0
18 error npm  v3.10.10
19 error code ELIFECYCLE
20 error @lvo/http@1.0.0 pree2e: `webdriver-manager update --standalone --ignore_ssl`
20 error Exit status 1
21 error Failed at the @lvo/http@1.0.0 pree2e script 'webdriver-manager update --standalone --ignore_ssl'.
21 error Make sure you have the latest version of node.js and npm installed.
21 error If you do, this is most likely a problem with the @lvo/http package,
21 error not with npm itself.
21 error Tell the author that this fails on your system:
21 error     webdriver-manager update --standalone --ignore_ssl
21 error You can get information on how to open an issue for this project with:
21 error     npm bugs @lvo/http
21 error Or if that isn't available, you can get their info via:
21 error     npm owner ls @lvo/http
21 error There is likely additional logging output above.
22 verbose exit [ 1, true ]
